<?xml version="1.0" encoding="UTF-8"?>
<!-- Generated by org.testng.reporters.JUnitXMLReporter -->
<testsuite ignored="0" hostname="user1" failures="1" tests="5" name="ModuleOneTest" time="38.101" errors="0" timestamp="2025-04-04T16:48:40 IST">
  <testcase classname="testScripts.BookSearchTest" name="testNovelSearch" time="0.124">
    <skipped/>
  </testcase> <!-- testNovelSearch -->
  <testcase classname="testScripts.BookSearchTest" name="testNovelSearch" time="0.121">
    <skipped/>
  </testcase> <!-- testNovelSearch -->
  <testcase classname="testScripts.BookSearchTest" name="testNovelSearch" time="0.116">
    <skipped/>
  </testcase> <!-- testNovelSearch -->
  <testcase classname="testScripts.BookSearchTest" name="testNovelSearch" time="0.113">
    <failure type="java.lang.AssertionError" message="expected [true] but found [false]">
      <![CDATA[java.lang.AssertionError: expected [true] but found [false]
at testScripts.BookSearchTest.testNovelSearch(BookSearchTest.java:80)
at java.base/java.util.ArrayList.forEach(ArrayList.java:1511)
at java.base/java.util.concurrent.FutureTask.run(FutureTask.java:264)
at java.base/java.util.concurrent.ThreadPoolExecutor.runWorker(ThreadPoolExecutor.java:1136)
at java.base/java.util.concurrent.ThreadPoolExecutor$Worker.run(ThreadPoolExecutor.java:635)
at java.base/java.lang.Thread.run(Thread.java:840)
... Removed 21 stack frames]]>
    </failure>
  </testcase> <!-- testNovelSearch -->
  <testcase classname="testScripts.BookSearchTest" name="testCrimeSearch" time="0.1"/>
</testsuite> <!-- ModuleOneTest -->
